<?xml version="1.0" encoding="UTF-8"?>
<testng-results ignored="0" total="1" passed="1" failed="0" skipped="0">
  <reporter-output>
  </reporter-output>
  <suite started-at="2022-09-19T13:57:28 IST" name="Default suite" finished-at="2022-09-19T13:57:33 IST" duration-ms="5142">
    <groups>
    </groups>
    <test started-at="2022-09-19T13:57:28 IST" name="Default test" finished-at="2022-09-19T13:57:33 IST" duration-ms="5142">
      <class name="SignIn">
        <test-method signature="signIn()[pri:0, instance:SignIn@49c7b90e]" started-at="2022-09-19T13:57:28 IST" name="signIn" finished-at="2022-09-19T13:57:33 IST" duration-ms="5110" status="PASS">
          <reporter-output>
          </reporter-output>
        </test-method> <!-- signIn -->
      </class> <!-- SignIn -->
    </test> <!-- Default test -->
  </suite> <!-- Default suite -->
</testng-results>
