<?xml version="1.0" encoding="UTF-8"?>
<testng-results ignored="0" total="1" passed="1" failed="0" skipped="0">
  <reporter-output>
  </reporter-output>
  <suite started-at="2022-09-16T17:37:23 IST" name="Default suite" finished-at="2022-09-16T17:37:28 IST" duration-ms="5240">
    <groups>
    </groups>
    <test started-at="2022-09-16T17:37:23 IST" name="Default test" finished-at="2022-09-16T17:37:28 IST" duration-ms="5240">
      <class name="signup">
        <test-method signature="signUpTest()[pri:0, instance:signup@49c7b90e]" started-at="2022-09-16T17:37:23 IST" name="signUpTest" finished-at="2022-09-16T17:37:28 IST" duration-ms="5180" status="PASS">
          <reporter-output>
          </reporter-output>
        </test-method> <!-- signUpTest -->
      </class> <!-- signup -->
    </test> <!-- Default test -->
  </suite> <!-- Default suite -->
</testng-results>
